# JRE version: Java(TM) SE Runtime Environment (8.0_151-b12) (build 1.8.0_151-b12)
# Java VM: Java HotSpot(TM) 64-Bit Server VM (25.151-b12 mixed mode windows-amd64 compressed oops)
Heap:
 PSYoungGen      total 423936K, used 129823K [0x00000000d5580000, 0x00000000f3f00000, 0x0000000100000000)
  eden space 350208K, 18% used [0x00000000d5580000,0x00000000d9470878,0x00000000eab80000)
  from space 73728K, 88% used [0x00000000eab80000,0x00000000eeb57540,0x00000000ef380000)
  to   space 69120K, 0% used [0x00000000ef380000,0x00000000ef380000,0x00000000f3700000)
 ParOldGen       total 271872K, used 194497K [0x0000000080000000, 0x0000000090980000, 0x00000000d5580000)
  object space 271872K, 71% used [0x0000000080000000,0x000000008bdf05d0,0x0000000090980000)
 Metaspace       used 63726K, capacity 66242K, committed 66560K, reserved 1105920K
  class space    used 8746K, capacity 9406K, committed 9472K, reserved 1048576K
GC Heap History (10 events):
Event: 173.317 GC heap before
{Heap before GC invocations=43 (full 6):
 PSYoungGen      total 377856K, used 316486K [0x00000000d5580000, 0x00000000f0a00000, 0x0000000100000000)
  eden space 316928K, 99% used [0x00000000d5580000,0x00000000e8a91bc8,0x00000000e8b00000)
  from space 60928K, 0% used [0x00000000ec900000,0x00000000ec900000,0x00000000f0480000)
  to   space 63488K, 0% used [0x00000000e8b00000,0x00000000e8b00000,0x00000000ec900000)
 ParOldGen       total 271872K, used 139492K [0x0000000080000000, 0x0000000090980000, 0x00000000d5580000)
  object space 271872K, 51% used [0x0000000080000000,0x00000000888392a0,0x0000000090980000)
 Metaspace       used 63694K, capacity 66242K, committed 66560K, reserved 1105920K
  class space    used 8746K, capacity 9406K, committed 9472K, reserved 1048576K
Event: 173.569 GC heap after
Heap after GC invocations=43 (full 6):
 PSYoungGen      total 380416K, used 51948K [0x00000000d5580000, 0x00000000f3700000, 0x0000000100000000)
  eden space 316928K, 0% used [0x00000000d5580000,0x00000000d5580000,0x00000000e8b00000)
  from space 63488K, 81% used [0x00000000e8b00000,0x00000000ebdbb240,0x00000000ec900000)
  to   space 69120K, 0% used [0x00000000ef380000,0x00000000ef380000,0x00000000f3700000)
 ParOldGen       total 271872K, used 139492K [0x0000000080000000, 0x0000000090980000, 0x00000000d5580000)
  object space 271872K, 51% used [0x0000000080000000,0x00000000888392a0,0x0000000090980000)
 Metaspace       used 63694K, capacity 66242K, committed 66560K, reserved 1105920K
  class space    used 8746K, capacity 9406K, committed 9472K, reserved 1048576K
}
Event: 178.731 GC heap before
{Heap before GC invocations=44 (full 6):
 PSYoungGen      total 380416K, used 368876K [0x00000000d5580000, 0x00000000f3700000, 0x0000000100000000)
  eden space 316928K, 100% used [0x00000000d5580000,0x00000000e8b00000,0x00000000e8b00000)
  from space 63488K, 81% used [0x00000000e8b00000,0x00000000ebdbb240,0x00000000ec900000)
  to   space 69120K, 0% used [0x00000000ef380000,0x00000000ef380000,0x00000000f3700000)
 ParOldGen       total 271872K, used 139492K [0x0000000080000000, 0x0000000090980000, 0x00000000d5580000)
  object space 271872K, 51% used [0x0000000080000000,0x00000000888392a0,0x0000000090980000)
 Metaspace       used 63703K, capacity 66242K, committed 66560K, reserved 1105920K
  class space    used 8746K, capacity 9406K, committed 9472K, reserved 1048576K
Event: 179.203 GC heap after
Heap after GC invocations=44 (full 6):
 PSYoungGen      total 419328K, used 53006K [0x00000000d5580000, 0x00000000f3f00000, 0x0000000100000000)
  eden space 350208K, 0% used [0x00000000d5580000,0x00000000d5580000,0x00000000eab80000)
  from space 69120K, 76% used [0x00000000ef380000,0x00000000f2743990,0x00000000f3700000)
  to   space 73728K, 0% used [0x00000000eab80000,0x00000000eab80000,0x00000000ef380000)
 ParOldGen       total 271872K, used 139500K [0x0000000080000000, 0x0000000090980000, 0x00000000d5580000)
  object space 271872K, 51% used [0x0000000080000000,0x000000008883b2a0,0x0000000090980000)
 Metaspace       used 63703K, capacity 66242K, committed 66560K, reserved 1105920K
  class space    used 8746K, capacity 9406K, committed 9472K, reserved 1048576K
}
Event: 183.962 GC heap before
{Heap before GC invocations=45 (full 6):
 PSYoungGen      total 419328K, used 403214K [0x00000000d5580000, 0x00000000f3f00000, 0x0000000100000000)
  eden space 350208K, 100% used [0x00000000d5580000,0x00000000eab80000,0x00000000eab80000)
  from space 69120K, 76% used [0x00000000ef380000,0x00000000f2743990,0x00000000f3700000)
  to   space 73728K, 0% used [0x00000000eab80000,0x00000000eab80000,0x00000000ef380000)
 ParOldGen       total 271872K, used 139500K [0x0000000080000000, 0x0000000090980000, 0x00000000d5580000)
  object space 271872K, 51% used [0x0000000080000000,0x000000008883b2a0,0x0000000090980000)
 Metaspace       used 63715K, capacity 66242K, committed 66560K, reserved 1105920K
  class space    used 8746K, capacity 9406K, committed 9472K, reserved 1048576K
Event: 184.185 GC heap after
Heap after GC invocations=45 (full 6):
 PSYoungGen      total 423936K, used 52553K [0x00000000d5580000, 0x00000000f3f00000, 0x0000000100000000)
  eden space 350208K, 0% used [0x00000000d5580000,0x00000000d5580000,0x00000000eab80000)
  from space 73728K, 71% used [0x00000000eab80000,0x00000000eded2618,0x00000000ef380000)
  to   space 69120K, 0% used [0x00000000ef380000,0x00000000ef380000,0x00000000f3700000)
 ParOldGen       total 271872K, used 139508K [0x0000000080000000, 0x0000000090980000, 0x00000000d5580000)
  object space 271872K, 51% used [0x0000000080000000,0x000000008883d2a0,0x0000000090980000)
 Metaspace       used 63715K, capacity 66242K, committed 66560K, reserved 1105920K
  class space    used 8746K, capacity 9406K, committed 9472K, reserved 1048576K
}
Event: 186.223 GC heap before
{Heap before GC invocations=46 (full 6):
 PSYoungGen      total 423936K, used 402761K [0x00000000d5580000, 0x00000000f3f00000, 0x0000000100000000)
  eden space 350208K, 100% used [0x00000000d5580000,0x00000000eab80000,0x00000000eab80000)
  from space 73728K, 71% used [0x00000000eab80000,0x00000000eded2618,0x00000000ef380000)
  to   space 69120K, 0% used [0x00000000ef380000,0x00000000ef380000,0x00000000f3700000)
 ParOldGen       total 271872K, used 139508K [0x0000000080000000, 0x0000000090980000, 0x00000000d5580000)
  object space 271872K, 51% used [0x0000000080000000,0x000000008883d2a0,0x0000000090980000)
 Metaspace       used 63717K, capacity 66242K, committed 66560K, reserved 1105920K
  class space    used 8746K, capacity 9406K, committed 9472K, reserved 1048576K
Event: 186.710 GC heap after
Heap after GC invocations=46 (full 6):
 PSYoungGen      total 419328K, used 69114K [0x00000000d5580000, 0x00000000f3f00000, 0x0000000100000000)
  eden space 350208K, 0% used [0x00000000d5580000,0x00000000d5580000,0x00000000eab80000)
  from space 69120K, 99% used [0x00000000ef380000,0x00000000f36feac0,0x00000000f3700000)
  to   space 73728K, 0% used [0x00000000eab80000,0x00000000eab80000,0x00000000ef380000)
 ParOldGen       total 271872K, used 172273K [0x0000000080000000, 0x0000000090980000, 0x00000000d5580000)
  object space 271872K, 63% used [0x0000000080000000,0x000000008a83c438,0x0000000090980000)
 Metaspace       used 63717K, capacity 66242K, committed 66560K, reserved 1105920K
  class space    used 8746K, capacity 9406K, committed 9472K, reserved 1048576K
}
Event: 189.668 GC heap before
{Heap before GC invocations=47 (full 6):
 PSYoungGen      total 419328K, used 419322K [0x00000000d5580000, 0x00000000f3f00000, 0x0000000100000000)
  eden space 350208K, 100% used [0x00000000d5580000,0x00000000eab80000,0x00000000eab80000)
  from space 69120K, 99% used [0x00000000ef380000,0x00000000f36feac0,0x00000000f3700000)
  to   space 73728K, 0% used [0x00000000eab80000,0x00000000eab80000,0x00000000ef380000)
 ParOldGen       total 271872K, used 172273K [0x0000000080000000, 0x0000000090980000, 0x00000000d5580000)
  object space 271872K, 63% used [0x0000000080000000,0x000000008a83c438,0x0000000090980000)
 Metaspace       used 63725K, capacity 66242K, committed 66560K, reserved 1105920K
  class space    used 8746K, capacity 9406K, committed 9472K, reserved 1048576K
Event: 190.220 GC heap after
Heap after GC invocations=47 (full 6):
 PSYoungGen      total 423936K, used 65373K [0x00000000d5580000, 0x00000000f3f00000, 0x0000000100000000)
  eden space 350208K, 0% used [0x00000000d5580000,0x00000000d5580000,0x00000000eab80000)
  from space 73728K, 88% used [0x00000000eab80000,0x00000000eeb57540,0x00000000ef380000)
  to   space 69120K, 0% used [0x00000000ef380000,0x00000000ef380000,0x00000000f3700000)
 ParOldGen       total 271872K, used 194497K [0x0000000080000000, 0x0000000090980000, 0x00000000d5580000)
  object space 271872K, 71% used [0x0000000080000000,0x000000008bdf05d0,0x0000000090980000)
 Metaspace       used 63725K, capacity 66242K, committed 66560K, reserved 1105920K
  class space    used 8746K, capacity 9406K, committed 9472K, reserved 1048576K
}

