# JRE version: Java(TM) SE Runtime Environment (8.0_151-b12) (build 1.8.0_151-b12)
# Java VM: Java HotSpot(TM) 64-Bit Server VM (25.151-b12 mixed mode windows-amd64 compressed oops)
Heap:
 PSYoungGen      total 312832K, used 246097K [0x00000000d5580000, 0x00000000ebd80000, 0x0000000100000000)
  eden space 258048K, 95% used [0x00000000d5580000,0x00000000e45d46c0,0x00000000e5180000)
  from space 54784K, 0% used [0x00000000e8800000,0x00000000e8800000,0x00000000ebd80000)
  to   space 55296K, 0% used [0x00000000e5180000,0x00000000e5180000,0x00000000e8780000)
 ParOldGen       total 202240K, used 177064K [0x0000000080000000, 0x000000008c580000, 0x00000000d5580000)
  object space 202240K, 87% used [0x0000000080000000,0x000000008acea170,0x000000008c580000)
 Metaspace       used 71779K, capacity 74484K, committed 74624K, reserved 1114112K
  class space    used 9561K, capacity 10251K, committed 10368K, reserved 1048576K
GC Heap History (10 events):
Event: 237.538 GC heap before
{Heap before GC invocations=33 (full 4):
 PSYoungGen      total 262144K, used 43509K [0x00000000d5580000, 0x00000000ec000000, 0x0000000100000000)
  eden space 218624K, 0% used [0x00000000d5580000,0x00000000d5580000,0x00000000e2b00000)
  from space 43520K, 99% used [0x00000000e2b00000,0x00000000e557d728,0x00000000e5580000)
  to   space 57344K, 0% used [0x00000000e8800000,0x00000000e8800000,0x00000000ec000000)
 ParOldGen       total 114176K, used 109489K [0x0000000080000000, 0x0000000086f80000, 0x00000000d5580000)
  object space 114176K, 95% used [0x0000000080000000,0x0000000086aec7c0,0x0000000086f80000)
 Metaspace       used 71695K, capacity 74434K, committed 74624K, reserved 1114112K
  class space    used 9561K, capacity 10254K, committed 10368K, reserved 1048576K
Event: 241.963 GC heap after
Heap after GC invocations=33 (full 4):
 PSYoungGen      total 262144K, used 14775K [0x00000000d5580000, 0x00000000ec000000, 0x0000000100000000)
  eden space 218624K, 0% used [0x00000000d5580000,0x00000000d5580000,0x00000000e2b00000)
  from space 43520K, 33% used [0x00000000e2b00000,0x00000000e396dc80,0x00000000e5580000)
  to   space 57344K, 0% used [0x00000000e8800000,0x00000000e8800000,0x00000000ec000000)
 ParOldGen       total 202240K, used 114072K [0x0000000080000000, 0x000000008c580000, 0x00000000d5580000)
  object space 202240K, 56% used [0x0000000080000000,0x0000000086f661d0,0x000000008c580000)
 Metaspace       used 71690K, capacity 74420K, committed 74624K, reserved 1114112K
  class space    used 9560K, capacity 10251K, committed 10368K, reserved 1048576K
}
Event: 245.585 GC heap before
{Heap before GC invocations=34 (full 4):
 PSYoungGen      total 262144K, used 233399K [0x00000000d5580000, 0x00000000ec000000, 0x0000000100000000)
  eden space 218624K, 100% used [0x00000000d5580000,0x00000000e2b00000,0x00000000e2b00000)
  from space 43520K, 33% used [0x00000000e2b00000,0x00000000e396dc80,0x00000000e5580000)
  to   space 57344K, 0% used [0x00000000e8800000,0x00000000e8800000,0x00000000ec000000)
 ParOldGen       total 202240K, used 114072K [0x0000000080000000, 0x000000008c580000, 0x00000000d5580000)
  object space 202240K, 56% used [0x0000000080000000,0x0000000086f661d0,0x000000008c580000)
 Metaspace       used 71728K, capacity 74420K, committed 74624K, reserved 1114112K
  class space    used 9560K, capacity 10251K, committed 10368K, reserved 1048576K
Event: 245.999 GC heap after
Heap after GC invocations=34 (full 4):
 PSYoungGen      total 312832K, used 25430K [0x00000000d5580000, 0x00000000ebd80000, 0x0000000100000000)
  eden space 258048K, 0% used [0x00000000d5580000,0x00000000d5580000,0x00000000e5180000)
  from space 54784K, 46% used [0x00000000e8800000,0x00000000ea0d5878,0x00000000ebd80000)
  to   space 55296K, 0% used [0x00000000e5180000,0x00000000e5180000,0x00000000e8780000)
 ParOldGen       total 202240K, used 125717K [0x0000000080000000, 0x000000008c580000, 0x00000000d5580000)
  object space 202240K, 62% used [0x0000000080000000,0x0000000087ac5590,0x000000008c580000)
 Metaspace       used 71728K, capacity 74420K, committed 74624K, reserved 1114112K
  class space    used 9560K, capacity 10251K, committed 10368K, reserved 1048576K
}
Event: 249.353 GC heap before
{Heap before GC invocations=35 (full 4):
 PSYoungGen      total 312832K, used 283478K [0x00000000d5580000, 0x00000000ebd80000, 0x0000000100000000)
  eden space 258048K, 100% used [0x00000000d5580000,0x00000000e5180000,0x00000000e5180000)
  from space 54784K, 46% used [0x00000000e8800000,0x00000000ea0d5878,0x00000000ebd80000)
  to   space 55296K, 0% used [0x00000000e5180000,0x00000000e5180000,0x00000000e8780000)
 ParOldGen       total 202240K, used 125717K [0x0000000080000000, 0x000000008c580000, 0x00000000d5580000)
  object space 202240K, 62% used [0x0000000080000000,0x0000000087ac5590,0x000000008c580000)
 Metaspace       used 71750K, capacity 74484K, committed 74624K, reserved 1114112K
  class space    used 9561K, capacity 10251K, committed 10368K, reserved 1048576K
Event: 249.739 GC heap after
Heap after GC invocations=35 (full 4):
 PSYoungGen      total 313344K, used 43863K [0x00000000d5580000, 0x00000000ebd80000, 0x0000000100000000)
  eden space 258048K, 0% used [0x00000000d5580000,0x00000000d5580000,0x00000000e5180000)
  from space 55296K, 79% used [0x00000000e5180000,0x00000000e7c55ca0,0x00000000e8780000)
  to   space 54784K, 0% used [0x00000000e8800000,0x00000000e8800000,0x00000000ebd80000)
 ParOldGen       total 202240K, used 149133K [0x0000000080000000, 0x000000008c580000, 0x00000000d5580000)
  object space 202240K, 73% used [0x0000000080000000,0x00000000891a35e8,0x000000008c580000)
 Metaspace       used 71750K, capacity 74484K, committed 74624K, reserved 1114112K
  class space    used 9561K, capacity 10251K, committed 10368K, reserved 1048576K
}
Event: 253.102 GC heap before
{Heap before GC invocations=36 (full 4):
 PSYoungGen      total 313344K, used 301911K [0x00000000d5580000, 0x00000000ebd80000, 0x0000000100000000)
  eden space 258048K, 100% used [0x00000000d5580000,0x00000000e5180000,0x00000000e5180000)
  from space 55296K, 79% used [0x00000000e5180000,0x00000000e7c55ca0,0x00000000e8780000)
  to   space 54784K, 0% used [0x00000000e8800000,0x00000000e8800000,0x00000000ebd80000)
 ParOldGen       total 202240K, used 149133K [0x0000000080000000, 0x000000008c580000, 0x00000000d5580000)
  object space 202240K, 73% used [0x0000000080000000,0x00000000891a35e8,0x000000008c580000)
 Metaspace       used 71764K, capacity 74484K, committed 74624K, reserved 1114112K
  class space    used 9561K, capacity 10251K, committed 10368K, reserved 1048576K
Event: 253.556 GC heap after
Heap after GC invocations=36 (full 4):
 PSYoungGen      total 312832K, used 38609K [0x00000000d5580000, 0x00000000ebd80000, 0x0000000100000000)
  eden space 258048K, 0% used [0x00000000d5580000,0x00000000d5580000,0x00000000e5180000)
  from space 54784K, 70% used [0x00000000e8800000,0x00000000eadb4420,0x00000000ebd80000)
  to   space 55296K, 0% used [0x00000000e5180000,0x00000000e5180000,0x00000000e8780000)
 ParOldGen       total 202240K, used 184126K [0x0000000080000000, 0x000000008c580000, 0x00000000d5580000)
  object space 202240K, 91% used [0x0000000080000000,0x000000008b3cf9a0,0x000000008c580000)
 Metaspace       used 71764K, capacity 74484K, committed 74624K, reserved 1114112K
  class space    used 9561K, capacity 10251K, committed 10368K, reserved 1048576K
}
Event: 253.556 GC heap before
{Heap before GC invocations=37 (full 5):
 PSYoungGen      total 312832K, used 38609K [0x00000000d5580000, 0x00000000ebd80000, 0x0000000100000000)
  eden space 258048K, 0% used [0x00000000d5580000,0x00000000d5580000,0x00000000e5180000)
  from space 54784K, 70% used [0x00000000e8800000,0x00000000eadb4420,0x00000000ebd80000)
  to   space 55296K, 0% used [0x00000000e5180000,0x00000000e5180000,0x00000000e8780000)
 ParOldGen       total 202240K, used 184126K [0x0000000080000000, 0x000000008c580000, 0x00000000d5580000)
  object space 202240K, 91% used [0x0000000080000000,0x000000008b3cf9a0,0x000000008c580000)
 Metaspace       used 71764K, capacity 74484K, committed 74624K, reserved 1114112K
  class space    used 9561K, capacity 10251K, committed 10368K, reserved 1048576K
Event: 258.583 GC heap after
Heap after GC invocations=37 (full 5):
 PSYoungGen      total 312832K, used 0K [0x00000000d5580000, 0x00000000ebd80000, 0x0000000100000000)
  eden space 258048K, 0% used [0x00000000d5580000,0x00000000d5580000,0x00000000e5180000)
  from space 54784K, 0% used [0x00000000e8800000,0x00000000e8800000,0x00000000ebd80000)
  to   space 55296K, 0% used [0x00000000e5180000,0x00000000e5180000,0x00000000e8780000)
 ParOldGen       total 202240K, used 177064K [0x0000000080000000, 0x000000008c580000, 0x00000000d5580000)
  object space 202240K, 87% used [0x0000000080000000,0x000000008acea170,0x000000008c580000)
 Metaspace       used 71764K, capacity 74484K, committed 74624K, reserved 1114112K
  class space    used 9561K, capacity 10251K, committed 10368K, reserved 1048576K
}

